# JRE version: Java(TM) SE Runtime Environment (8.0_172-b11) (build 1.8.0_172-b11)
# Java VM: Java HotSpot(TM) 64-Bit Server VM (25.172-b11 mixed mode bsd-amd64 compressed oops)
Heap:
 PSYoungGen      total 90624K, used 11945K [0x000000076ab00000, 0x0000000779a80000, 0x00000007c0000000)
  eden space 87040K, 13% used [0x000000076ab00000,0x000000076b6224f0,0x0000000770000000)
  from space 3584K, 15% used [0x0000000779380000,0x0000000779408000,0x0000000779700000)
  to   space 3584K, 0% used [0x0000000779700000,0x0000000779700000,0x0000000779a80000)
 ParOldGen       total 175104K, used 6382K [0x00000006c0000000, 0x00000006cab00000, 0x000000076ab00000)
  object space 175104K, 3% used [0x00000006c0000000,0x00000006c063ba28,0x00000006cab00000)
 Metaspace       used 20242K, capacity 20566K, committed 20608K, reserved 1067008K
  class space    used 2310K, capacity 2420K, committed 2432K, reserved 1048576K
GC Heap History (10 events):
Event: 6.978 GC heap before
{Heap before GC invocations=17 (full 0):
 PSYoungGen      total 100352K, used 100096K [0x000000076ab00000, 0x000000077a100000, 0x00000007c0000000)
  eden space 99840K, 100% used [0x000000076ab00000,0x0000000770c80000,0x0000000770c80000)
  from space 512K, 50% used [0x000000077a080000,0x000000077a0c0000,0x000000077a100000)
  to   space 4096K, 0% used [0x0000000779900000,0x0000000779900000,0x0000000779d00000)
 ParOldGen       total 175104K, used 6182K [0x00000006c0000000, 0x00000006cab00000, 0x000000076ab00000)
  object space 175104K, 3% used [0x00000006c0000000,0x00000006c0609a28,0x00000006cab00000)
 Metaspace       used 20061K, capacity 20436K, committed 20608K, reserved 1067008K
  class space    used 2294K, capacity 2419K, committed 2432K, reserved 1048576K
Event: 6.979 GC heap after
Heap after GC invocations=17 (full 0):
 PSYoungGen      total 101376K, used 320K [0x000000076ab00000, 0x000000077a100000, 0x00000007c0000000)
  eden space 97280K, 0% used [0x000000076ab00000,0x000000076ab00000,0x0000000770a00000)
  from space 4096K, 7% used [0x0000000779900000,0x0000000779950000,0x0000000779d00000)
  to   space 4096K, 0% used [0x0000000779d00000,0x0000000779d00000,0x000000077a100000)
 ParOldGen       total 175104K, used 6238K [0x00000006c0000000, 0x00000006cab00000, 0x000000076ab00000)
  object space 175104K, 3% used [0x00000006c0000000,0x00000006c0617a28,0x00000006cab00000)
 Metaspace       used 20061K, capacity 20436K, committed 20608K, reserved 1067008K
  class space    used 2294K, capacity 2419K, committed 2432K, reserved 1048576K
}
Event: 7.090 GC heap before
{Heap before GC invocations=18 (full 0):
 PSYoungGen      total 101376K, used 97600K [0x000000076ab00000, 0x000000077a100000, 0x00000007c0000000)
  eden space 97280K, 100% used [0x000000076ab00000,0x0000000770a00000,0x0000000770a00000)
  from space 4096K, 7% used [0x0000000779900000,0x0000000779950000,0x0000000779d00000)
  to   space 4096K, 0% used [0x0000000779d00000,0x0000000779d00000,0x000000077a100000)
 ParOldGen       total 175104K, used 6238K [0x00000006c0000000, 0x00000006cab00000, 0x000000076ab00000)
  object space 175104K, 3% used [0x00000006c0000000,0x00000006c0617a28,0x00000006cab00000)
 Metaspace       used 20062K, capacity 20436K, committed 20608K, reserved 1067008K
  class space    used 2294K, capacity 2419K, committed 2432K, reserved 1048576K
Event: 7.091 GC heap after
Heap after GC invocations=18 (full 0):
 PSYoungGen      total 95232K, used 224K [0x000000076ab00000, 0x0000000779d80000, 0x00000007c0000000)
  eden space 94720K, 0% used [0x000000076ab00000,0x000000076ab00000,0x0000000770780000)
  from space 512K, 43% used [0x0000000779d00000,0x0000000779d38000,0x0000000779d80000)
  to   space 4096K, 0% used [0x0000000779580000,0x0000000779580000,0x0000000779980000)
 ParOldGen       total 175104K, used 6294K [0x00000006c0000000, 0x00000006cab00000, 0x000000076ab00000)
  object space 175104K, 3% used [0x00000006c0000000,0x00000006c0625a28,0x00000006cab00000)
 Metaspace       used 20062K, capacity 20436K, committed 20608K, reserved 1067008K
  class space    used 2294K, capacity 2419K, committed 2432K, reserved 1048576K
}
Event: 7.230 GC heap before
{Heap before GC invocations=19 (full 0):
 PSYoungGen      total 95232K, used 94944K [0x000000076ab00000, 0x0000000779d80000, 0x00000007c0000000)
  eden space 94720K, 100% used [0x000000076ab00000,0x0000000770780000,0x0000000770780000)
  from space 512K, 43% used [0x0000000779d00000,0x0000000779d38000,0x0000000779d80000)
  to   space 4096K, 0% used [0x0000000779580000,0x0000000779580000,0x0000000779980000)
 ParOldGen       total 175104K, used 6294K [0x00000006c0000000, 0x00000006cab00000, 0x000000076ab00000)
  object space 175104K, 3% used [0x00000006c0000000,0x00000006c0625a28,0x00000006cab00000)
 Metaspace       used 20063K, capacity 20436K, committed 20608K, reserved 1067008K
  class space    used 2294K, capacity 2419K, committed 2432K, reserved 1048576K
Event: 7.230 GC heap after
Heap after GC invocations=19 (full 0):
 PSYoungGen      total 96256K, used 256K [0x000000076ab00000, 0x0000000779d80000, 0x00000007c0000000)
  eden space 92160K, 0% used [0x000000076ab00000,0x000000076ab00000,0x0000000770500000)
  from space 4096K, 6% used [0x0000000779580000,0x00000007795c0000,0x0000000779980000)
  to   space 3584K, 0% used [0x0000000779a00000,0x0000000779a00000,0x0000000779d80000)
 ParOldGen       total 175104K, used 6318K [0x00000006c0000000, 0x00000006cab00000, 0x000000076ab00000)
  object space 175104K, 3% used [0x00000006c0000000,0x00000006c062ba28,0x00000006cab00000)
 Metaspace       used 20063K, capacity 20436K, committed 20608K, reserved 1067008K
  class space    used 2294K, capacity 2419K, committed 2432K, reserved 1048576K
}
Event: 7.382 GC heap before
{Heap before GC invocations=20 (full 0):
 PSYoungGen      total 96256K, used 92416K [0x000000076ab00000, 0x0000000779d80000, 0x00000007c0000000)
  eden space 92160K, 100% used [0x000000076ab00000,0x0000000770500000,0x0000000770500000)
  from space 4096K, 6% used [0x0000000779580000,0x00000007795c0000,0x0000000779980000)
  to   space 3584K, 0% used [0x0000000779a00000,0x0000000779a00000,0x0000000779d80000)
 ParOldGen       total 175104K, used 6318K [0x00000006c0000000, 0x00000006cab00000, 0x000000076ab00000)
  object space 175104K, 3% used [0x00000006c0000000,0x00000006c062ba28,0x00000006cab00000)
 Metaspace       used 20064K, capacity 20436K, committed 20608K, reserved 1067008K
  class space    used 2294K, capacity 2419K, committed 2432K, reserved 1048576K
Event: 7.383 GC heap after
Heap after GC invocations=20 (full 0):
 PSYoungGen      total 90112K, used 192K [0x000000076ab00000, 0x0000000779a80000, 0x00000007c0000000)
  eden space 89600K, 0% used [0x000000076ab00000,0x000000076ab00000,0x0000000770280000)
  from space 512K, 37% used [0x0000000779a00000,0x0000000779a30000,0x0000000779a80000)
  to   space 3584K, 0% used [0x0000000779380000,0x0000000779380000,0x0000000779700000)
 ParOldGen       total 175104K, used 6358K [0x00000006c0000000, 0x00000006cab00000, 0x000000076ab00000)
  object space 175104K, 3% used [0x00000006c0000000,0x00000006c0635a28,0x00000006cab00000)
 Metaspace       used 20064K, capacity 20436K, committed 20608K, reserved 1067008K
  class space    used 2294K, capacity 2419K, committed 2432K, reserved 1048576K
}
Event: 7.578 GC heap before
{Heap before GC invocations=21 (full 0):
 PSYoungGen      total 90112K, used 89792K [0x000000076ab00000, 0x0000000779a80000, 0x00000007c0000000)
  eden space 89600K, 100% used [0x000000076ab00000,0x0000000770280000,0x0000000770280000)
  from space 512K, 37% used [0x0000000779a00000,0x0000000779a30000,0x0000000779a80000)
  to   space 3584K, 0% used [0x0000000779380000,0x0000000779380000,0x0000000779700000)
 ParOldGen       total 175104K, used 6358K [0x00000006c0000000, 0x00000006cab00000, 0x000000076ab00000)
  object space 175104K, 3% used [0x00000006c0000000,0x00000006c0635a28,0x00000006cab00000)
 Metaspace       used 20080K, capacity 20436K, committed 20608K, reserved 1067008K
  class space    used 2294K, capacity 2419K, committed 2432K, reserved 1048576K
Event: 7.579 GC heap after
Heap after GC invocations=21 (full 0):
 PSYoungGen      total 90624K, used 544K [0x000000076ab00000, 0x0000000779a80000, 0x00000007c0000000)
  eden space 87040K, 0% used [0x000000076ab00000,0x000000076ab00000,0x0000000770000000)
  from space 3584K, 15% used [0x0000000779380000,0x0000000779408000,0x0000000779700000)
  to   space 3584K, 0% used [0x0000000779700000,0x0000000779700000,0x0000000779a80000)
 ParOldGen       total 175104K, used 6382K [0x00000006c0000000, 0x00000006cab00000, 0x000000076ab00000)
  object space 175104K, 3% used [0x00000006c0000000,0x00000006c063ba28,0x00000006cab00000)
 Metaspace       used 20080K, capacity 20436K, committed 20608K, reserved 1067008K
  class space    used 2294K, capacity 2419K, committed 2432K, reserved 1048576K
}

