# JRE version: Java(TM) SE Runtime Environment (8.0_172-b11) (build 1.8.0_172-b11)
# Java VM: Java HotSpot(TM) 64-Bit Server VM (25.172-b11 mixed mode bsd-amd64 compressed oops)
Heap:
 PSYoungGen      total 90112K, used 5654K [0x000000076ab00000, 0x0000000779d00000, 0x00000007c0000000)
  eden space 87040K, 2% used [0x000000076ab00000,0x000000076ad8aae0,0x0000000770000000)
  from space 3072K, 99% used [0x0000000779700000,0x00000007799fb010,0x0000000779a00000)
  to   space 3072K, 0% used [0x0000000779a00000,0x0000000779a00000,0x0000000779d00000)
 ParOldGen       total 175104K, used 12195K [0x00000006c0000000, 0x00000006cab00000, 0x000000076ab00000)
  object space 175104K, 6% used [0x00000006c0000000,0x00000006c0be8d68,0x00000006cab00000)
 Metaspace       used 20281K, capacity 20654K, committed 20992K, reserved 1067008K
  class space    used 2319K, capacity 2452K, committed 2560K, reserved 1048576K
GC Heap History (10 events):
Event: 6.436 GC heap before
{Heap before GC invocations=17 (full 0):
 PSYoungGen      total 100352K, used 100128K [0x000000076ab00000, 0x000000077a300000, 0x00000007c0000000)
  eden space 99840K, 100% used [0x000000076ab00000,0x0000000770c80000,0x0000000770c80000)
  from space 512K, 56% used [0x000000077a280000,0x000000077a2c8000,0x000000077a300000)
  to   space 3584K, 0% used [0x0000000779c00000,0x0000000779c00000,0x0000000779f80000)
 ParOldGen       total 175104K, used 6523K [0x00000006c0000000, 0x00000006cab00000, 0x000000076ab00000)
  object space 175104K, 3% used [0x00000006c0000000,0x00000006c065ed48,0x00000006cab00000)
 Metaspace       used 19981K, capacity 20300K, committed 20352K, reserved 1067008K
  class space    used 2291K, capacity 2419K, committed 2432K, reserved 1048576K
Event: 6.437 GC heap after
Heap after GC invocations=17 (full 0):
 PSYoungGen      total 100864K, used 288K [0x000000076ab00000, 0x000000077a300000, 0x00000007c0000000)
  eden space 97280K, 0% used [0x000000076ab00000,0x000000076ab00000,0x0000000770a00000)
  from space 3584K, 8% used [0x0000000779c00000,0x0000000779c48000,0x0000000779f80000)
  to   space 3584K, 0% used [0x0000000779f80000,0x0000000779f80000,0x000000077a300000)
 ParOldGen       total 175104K, used 6579K [0x00000006c0000000, 0x00000006cab00000, 0x000000076ab00000)
  object space 175104K, 3% used [0x00000006c0000000,0x00000006c066cd48,0x00000006cab00000)
 Metaspace       used 19981K, capacity 20300K, committed 20352K, reserved 1067008K
  class space    used 2291K, capacity 2419K, committed 2432K, reserved 1048576K
}
Event: 6.717 GC heap before
{Heap before GC invocations=18 (full 0):
 PSYoungGen      total 100864K, used 97568K [0x000000076ab00000, 0x000000077a300000, 0x00000007c0000000)
  eden space 97280K, 100% used [0x000000076ab00000,0x0000000770a00000,0x0000000770a00000)
  from space 3584K, 8% used [0x0000000779c00000,0x0000000779c48000,0x0000000779f80000)
  to   space 3584K, 0% used [0x0000000779f80000,0x0000000779f80000,0x000000077a300000)
 ParOldGen       total 175104K, used 6579K [0x00000006c0000000, 0x00000006cab00000, 0x000000076ab00000)
  object space 175104K, 3% used [0x00000006c0000000,0x00000006c066cd48,0x00000006cab00000)
 Metaspace       used 19984K, capacity 20300K, committed 20352K, reserved 1067008K
  class space    used 2291K, capacity 2419K, committed 2432K, reserved 1048576K
Event: 6.718 GC heap after
Heap after GC invocations=18 (full 0):
 PSYoungGen      total 95232K, used 288K [0x000000076ab00000, 0x000000077a000000, 0x00000007c0000000)
  eden space 94720K, 0% used [0x000000076ab00000,0x000000076ab00000,0x0000000770780000)
  from space 512K, 56% used [0x0000000779f80000,0x0000000779fc8000,0x000000077a000000)
  to   space 3584K, 0% used [0x0000000779900000,0x0000000779900000,0x0000000779c80000)
 ParOldGen       total 175104K, used 6635K [0x00000006c0000000, 0x00000006cab00000, 0x000000076ab00000)
  object space 175104K, 3% used [0x00000006c0000000,0x00000006c067ad48,0x00000006cab00000)
 Metaspace       used 19984K, capacity 20300K, committed 20352K, reserved 1067008K
  class space    used 2291K, capacity 2419K, committed 2432K, reserved 1048576K
}
Event: 6.819 GC heap before
{Heap before GC invocations=19 (full 0):
 PSYoungGen      total 95232K, used 95008K [0x000000076ab00000, 0x000000077a000000, 0x00000007c0000000)
  eden space 94720K, 100% used [0x000000076ab00000,0x0000000770780000,0x0000000770780000)
  from space 512K, 56% used [0x0000000779f80000,0x0000000779fc8000,0x000000077a000000)
  to   space 3584K, 0% used [0x0000000779900000,0x0000000779900000,0x0000000779c80000)
 ParOldGen       total 175104K, used 6635K [0x00000006c0000000, 0x00000006cab00000, 0x000000076ab00000)
  object space 175104K, 3% used [0x00000006c0000000,0x00000006c067ad48,0x00000006cab00000)
 Metaspace       used 19984K, capacity 20300K, committed 20352K, reserved 1067008K
  class space    used 2291K, capacity 2419K, committed 2432K, reserved 1048576K
Event: 6.820 GC heap after
Heap after GC invocations=19 (full 0):
 PSYoungGen      total 95744K, used 224K [0x000000076ab00000, 0x000000077a000000, 0x00000007c0000000)
  eden space 92160K, 0% used [0x000000076ab00000,0x000000076ab00000,0x0000000770500000)
  from space 3584K, 6% used [0x0000000779900000,0x0000000779938000,0x0000000779c80000)
  to   space 3584K, 0% used [0x0000000779c80000,0x0000000779c80000,0x000000077a000000)
 ParOldGen       total 175104K, used 6691K [0x00000006c0000000, 0x00000006cab00000, 0x000000076ab00000)
  object space 175104K, 3% used [0x00000006c0000000,0x00000006c0688d48,0x00000006cab00000)
 Metaspace       used 19984K, capacity 20300K, committed 20352K, reserved 1067008K
  class space    used 2291K, capacity 2419K, committed 2432K, reserved 1048576K
}
Event: 6.978 GC heap before
{Heap before GC invocations=20 (full 0):
 PSYoungGen      total 95744K, used 92384K [0x000000076ab00000, 0x000000077a000000, 0x00000007c0000000)
  eden space 92160K, 100% used [0x000000076ab00000,0x0000000770500000,0x0000000770500000)
  from space 3584K, 6% used [0x0000000779900000,0x0000000779938000,0x0000000779c80000)
  to   space 3584K, 0% used [0x0000000779c80000,0x0000000779c80000,0x000000077a000000)
 ParOldGen       total 175104K, used 6691K [0x00000006c0000000, 0x00000006cab00000, 0x000000076ab00000)
  object space 175104K, 3% used [0x00000006c0000000,0x00000006c0688d48,0x00000006cab00000)
 Metaspace       used 20056K, capacity 20428K, committed 20608K, reserved 1067008K
  class space    used 2297K, capacity 2419K, committed 2432K, reserved 1048576K
Event: 6.979 GC heap after
Heap after GC invocations=20 (full 0):
 PSYoungGen      total 90112K, used 352K [0x000000076ab00000, 0x0000000779d00000, 0x00000007c0000000)
  eden space 89600K, 0% used [0x000000076ab00000,0x000000076ab00000,0x0000000770280000)
  from space 512K, 68% used [0x0000000779c80000,0x0000000779cd8000,0x0000000779d00000)
  to   space 3072K, 0% used [0x0000000779700000,0x0000000779700000,0x0000000779a00000)
 ParOldGen       total 175104K, used 6707K [0x00000006c0000000, 0x00000006cab00000, 0x000000076ab00000)
  object space 175104K, 3% used [0x00000006c0000000,0x00000006c068cd48,0x00000006cab00000)
 Metaspace       used 20056K, capacity 20428K, committed 20608K, reserved 1067008K
  class space    used 2297K, capacity 2419K, committed 2432K, reserved 1048576K
}
Event: 7.853 GC heap before
{Heap before GC invocations=21 (full 0):
 PSYoungGen      total 90112K, used 89952K [0x000000076ab00000, 0x0000000779d00000, 0x00000007c0000000)
  eden space 89600K, 100% used [0x000000076ab00000,0x0000000770280000,0x0000000770280000)
  from space 512K, 68% used [0x0000000779c80000,0x0000000779cd8000,0x0000000779d00000)
  to   space 3072K, 0% used [0x0000000779700000,0x0000000779700000,0x0000000779a00000)
 ParOldGen       total 175104K, used 6707K [0x00000006c0000000, 0x00000006cab00000, 0x000000076ab00000)
  object space 175104K, 3% used [0x00000006c0000000,0x00000006c068cd48,0x00000006cab00000)
 Metaspace       used 20281K, capacity 20654K, committed 20992K, reserved 1067008K
  class space    used 2319K, capacity 2452K, committed 2560K, reserved 1048576K
Event: 7.856 GC heap after
Heap after GC invocations=21 (full 0):
 PSYoungGen      total 90112K, used 3052K [0x000000076ab00000, 0x0000000779d00000, 0x00000007c0000000)
  eden space 87040K, 0% used [0x000000076ab00000,0x000000076ab00000,0x0000000770000000)
  from space 3072K, 99% used [0x0000000779700000,0x00000007799fb010,0x0000000779a00000)
  to   space 3072K, 0% used [0x0000000779a00000,0x0000000779a00000,0x0000000779d00000)
 ParOldGen       total 175104K, used 12195K [0x00000006c0000000, 0x00000006cab00000, 0x000000076ab00000)
  object space 175104K, 6% used [0x00000006c0000000,0x00000006c0be8d68,0x00000006cab00000)
 Metaspace       used 20281K, capacity 20654K, committed 20992K, reserved 1067008K
  class space    used 2319K, capacity 2452K, committed 2560K, reserved 1048576K
}

