# JRE version: Java(TM) SE Runtime Environment (8.0_172-b11) (build 1.8.0_172-b11)
# Java VM: Java HotSpot(TM) 64-Bit Server VM (25.172-b11 mixed mode bsd-amd64 compressed oops)
Heap:
 PSYoungGen      total 113152K, used 31851K [0x000000076ab00000, 0x0000000779b00000, 0x00000007c0000000)
  eden space 82944K, 1% used [0x000000076ab00000,0x000000076ac9aee0,0x000000076fc00000)
  from space 30208K, 100% used [0x0000000776280000,0x0000000778000000,0x0000000778000000)
  to   space 27648K, 0% used [0x0000000778000000,0x0000000778000000,0x0000000779b00000)
 ParOldGen       total 175104K, used 124532K [0x00000006c0000000, 0x00000006cab00000, 0x000000076ab00000)
  object space 175104K, 71% used [0x00000006c0000000,0x00000006c799d190,0x00000006cab00000)
 Metaspace       used 20571K, capacity 20926K, committed 21248K, reserved 1069056K
  class space    used 2341K, capacity 2452K, committed 2560K, reserved 1048576K
GC Heap History (10 events):
Event: 6.006 GC heap before
{Heap before GC invocations=19 (full 0):
 PSYoungGen      total 95232K, used 94976K [0x000000076ab00000, 0x000000077a000000, 0x00000007c0000000)
  eden space 94720K, 100% used [0x000000076ab00000,0x0000000770780000,0x0000000770780000)
  from space 512K, 50% used [0x0000000779f80000,0x0000000779fc0000,0x000000077a000000)
  to   space 3072K, 0% used [0x0000000779a00000,0x0000000779a00000,0x0000000779d00000)
 ParOldGen       total 175104K, used 6672K [0x00000006c0000000, 0x00000006cab00000, 0x000000076ab00000)
  object space 175104K, 3% used [0x00000006c0000000,0x00000006c0684140,0x00000006cab00000)
 Metaspace       used 19969K, capacity 20300K, committed 20352K, reserved 1067008K
  class space    used 2290K, capacity 2419K, committed 2432K, reserved 1048576K
Event: 6.007 GC heap after
Heap after GC invocations=19 (full 0):
 PSYoungGen      total 95232K, used 224K [0x000000076ab00000, 0x000000077a000000, 0x00000007c0000000)
  eden space 92160K, 0% used [0x000000076ab00000,0x000000076ab00000,0x0000000770500000)
  from space 3072K, 7% used [0x0000000779a00000,0x0000000779a38000,0x0000000779d00000)
  to   space 3072K, 0% used [0x0000000779d00000,0x0000000779d00000,0x000000077a000000)
 ParOldGen       total 175104K, used 6712K [0x00000006c0000000, 0x00000006cab00000, 0x000000076ab00000)
  object space 175104K, 3% used [0x00000006c0000000,0x00000006c068e140,0x00000006cab00000)
 Metaspace       used 19969K, capacity 20300K, committed 20352K, reserved 1067008K
  class space    used 2290K, capacity 2419K, committed 2432K, reserved 1048576K
}
Event: 6.145 GC heap before
{Heap before GC invocations=20 (full 0):
 PSYoungGen      total 95232K, used 92384K [0x000000076ab00000, 0x000000077a000000, 0x00000007c0000000)
  eden space 92160K, 100% used [0x000000076ab00000,0x0000000770500000,0x0000000770500000)
  from space 3072K, 7% used [0x0000000779a00000,0x0000000779a38000,0x0000000779d00000)
  to   space 3072K, 0% used [0x0000000779d00000,0x0000000779d00000,0x000000077a000000)
 ParOldGen       total 175104K, used 6712K [0x00000006c0000000, 0x00000006cab00000, 0x000000076ab00000)
  object space 175104K, 3% used [0x00000006c0000000,0x00000006c068e140,0x00000006cab00000)
 Metaspace       used 19970K, capacity 20300K, committed 20352K, reserved 1067008K
  class space    used 2290K, capacity 2419K, committed 2432K, reserved 1048576K
Event: 6.146 GC heap after
Heap after GC invocations=20 (full 0):
 PSYoungGen      total 90112K, used 192K [0x000000076ab00000, 0x0000000779d80000, 0x00000007c0000000)
  eden space 89600K, 0% used [0x000000076ab00000,0x000000076ab00000,0x0000000770280000)
  from space 512K, 37% used [0x0000000779d00000,0x0000000779d30000,0x0000000779d80000)
  to   space 3072K, 0% used [0x0000000779780000,0x0000000779780000,0x0000000779a80000)
 ParOldGen       total 175104K, used 6720K [0x00000006c0000000, 0x00000006cab00000, 0x000000076ab00000)
  object space 175104K, 3% used [0x00000006c0000000,0x00000006c0690140,0x00000006cab00000)
 Metaspace       used 19970K, capacity 20300K, committed 20352K, reserved 1067008K
  class space    used 2290K, capacity 2419K, committed 2432K, reserved 1048576K
}
Event: 6.355 GC heap before
{Heap before GC invocations=21 (full 0):
 PSYoungGen      total 90112K, used 87723K [0x000000076ab00000, 0x0000000779d80000, 0x00000007c0000000)
  eden space 89600K, 97% used [0x000000076ab00000,0x000000077007af08,0x0000000770280000)
  from space 512K, 37% used [0x0000000779d00000,0x0000000779d30000,0x0000000779d80000)
  to   space 3072K, 0% used [0x0000000779780000,0x0000000779780000,0x0000000779a80000)
 ParOldGen       total 175104K, used 6720K [0x00000006c0000000, 0x00000006cab00000, 0x000000076ab00000)
  object space 175104K, 3% used [0x00000006c0000000,0x00000006c0690140,0x00000006cab00000)
 Metaspace       used 20074K, capacity 20428K, committed 20608K, reserved 1067008K
  class space    used 2300K, capacity 2419K, committed 2432K, reserved 1048576K
Event: 6.356 GC heap after
Heap after GC invocations=21 (full 0):
 PSYoungGen      total 90112K, used 352K [0x000000076ab00000, 0x0000000779d80000, 0x00000007c0000000)
  eden space 87040K, 0% used [0x000000076ab00000,0x000000076ab00000,0x0000000770000000)
  from space 3072K, 11% used [0x0000000779780000,0x00000007797d8000,0x0000000779a80000)
  to   space 3072K, 0% used [0x0000000779a80000,0x0000000779a80000,0x0000000779d80000)
 ParOldGen       total 175104K, used 6752K [0x00000006c0000000, 0x00000006cab00000, 0x000000076ab00000)
  object space 175104K, 3% used [0x00000006c0000000,0x00000006c0698140,0x00000006cab00000)
 Metaspace       used 20074K, capacity 20428K, committed 20608K, reserved 1067008K
  class space    used 2300K, capacity 2419K, committed 2432K, reserved 1048576K
}
Event: 48.000 GC heap before
{Heap before GC invocations=22 (full 0):
 PSYoungGen      total 90112K, used 87392K [0x000000076ab00000, 0x0000000779d80000, 0x00000007c0000000)
  eden space 87040K, 100% used [0x000000076ab00000,0x0000000770000000,0x0000000770000000)
  from space 3072K, 11% used [0x0000000779780000,0x00000007797d8000,0x0000000779a80000)
  to   space 3072K, 0% used [0x0000000779a80000,0x0000000779a80000,0x0000000779d80000)
 ParOldGen       total 175104K, used 6752K [0x00000006c0000000, 0x00000006cab00000, 0x000000076ab00000)
  object space 175104K, 3% used [0x00000006c0000000,0x00000006c0698140,0x00000006cab00000)
 Metaspace       used 20484K, capacity 20790K, committed 20992K, reserved 1067008K
  class space    used 2341K, capacity 2452K, committed 2560K, reserved 1048576K
Event: 48.095 GC heap after
Heap after GC invocations=22 (full 0):
 PSYoungGen      total 88064K, used 3052K [0x000000076ab00000, 0x0000000779d80000, 0x00000007c0000000)
  eden space 84992K, 0% used [0x000000076ab00000,0x000000076ab00000,0x000000076fe00000)
  from space 3072K, 99% used [0x0000000779a80000,0x0000000779d7b010,0x0000000779d80000)
  to   space 30208K, 0% used [0x0000000776280000,0x0000000776280000,0x0000000778000000)
 ParOldGen       total 175104K, used 78952K [0x00000006c0000000, 0x00000006cab00000, 0x000000076ab00000)
  object space 175104K, 45% used [0x00000006c0000000,0x00000006c4d1a160,0x00000006cab00000)
 Metaspace       used 20484K, capacity 20790K, committed 20992K, reserved 1067008K
  class space    used 2341K, capacity 2452K, committed 2560K, reserved 1048576K
}
Event: 83.180 GC heap before
{Heap before GC invocations=23 (full 0):
 PSYoungGen      total 88064K, used 88044K [0x000000076ab00000, 0x0000000779d80000, 0x00000007c0000000)
  eden space 84992K, 100% used [0x000000076ab00000,0x000000076fe00000,0x000000076fe00000)
  from space 3072K, 99% used [0x0000000779a80000,0x0000000779d7b010,0x0000000779d80000)
  to   space 30208K, 0% used [0x0000000776280000,0x0000000776280000,0x0000000778000000)
 ParOldGen       total 175104K, used 78952K [0x00000006c0000000, 0x00000006cab00000, 0x000000076ab00000)
  object space 175104K, 45% used [0x00000006c0000000,0x00000006c4d1a160,0x00000006cab00000)
 Metaspace       used 20570K, capacity 20926K, committed 21248K, reserved 1069056K
  class space    used 2341K, capacity 2452K, committed 2560K, reserved 1048576K
Event: 83.311 GC heap after
Heap after GC invocations=23 (full 0):
 PSYoungGen      total 113152K, used 30208K [0x000000076ab00000, 0x0000000779b00000, 0x00000007c0000000)
  eden space 82944K, 0% used [0x000000076ab00000,0x000000076ab00000,0x000000076fc00000)
  from space 30208K, 100% used [0x0000000776280000,0x0000000778000000,0x0000000778000000)
  to   space 27648K, 0% used [0x0000000778000000,0x0000000778000000,0x0000000779b00000)
 ParOldGen       total 175104K, used 124532K [0x00000006c0000000, 0x00000006cab00000, 0x000000076ab00000)
  object space 175104K, 71% used [0x00000006c0000000,0x00000006c799d190,0x00000006cab00000)
 Metaspace       used 20570K, capacity 20926K, committed 21248K, reserved 1069056K
  class space    used 2341K, capacity 2452K, committed 2560K, reserved 1048576K
}

