# JRE version: Java(TM) SE Runtime Environment (8.0_172-b11) (build 1.8.0_172-b11)
# Java VM: Java HotSpot(TM) 64-Bit Server VM (25.172-b11 mixed mode bsd-amd64 compressed oops)
Heap:
 PSYoungGen      total 469504K, used 22693K [0x000000076ab00000, 0x000000078b000000, 0x00000007c0000000)
  eden space 458240K, 4% used [0x000000076ab00000,0x000000076c1296f8,0x0000000786a80000)
  from space 11264K, 0% used [0x0000000789a00000,0x0000000789a00000,0x000000078a500000)
  to   space 11264K, 0% used [0x000000078a500000,0x000000078a500000,0x000000078b000000)
 ParOldGen       total 144896K, used 60282K [0x00000006c0000000, 0x00000006c8d80000, 0x000000076ab00000)
  object space 144896K, 41% used [0x00000006c0000000,0x00000006c3ade898,0x00000006c8d80000)
 Metaspace       used 20725K, capacity 21044K, committed 21248K, reserved 1069056K
  class space    used 2338K, capacity 2442K, committed 2560K, reserved 1048576K
GC Heap History (10 events):
Event: 2.309 GC heap before
{Heap before GC invocations=8 (full 0):
 PSYoungGen      total 266240K, used 262528K [0x000000076ab00000, 0x000000078b400000, 0x00000007c0000000)
  eden space 262144K, 100% used [0x000000076ab00000,0x000000077ab00000,0x000000077ab00000)
  from space 4096K, 9% used [0x000000077ab00000,0x000000077ab60000,0x000000077af00000)
  to   space 4608K, 0% used [0x000000078af80000,0x000000078af80000,0x000000078b400000)
 ParOldGen       total 175104K, used 2610K [0x00000006c0000000, 0x00000006cab00000, 0x000000076ab00000)
  object space 175104K, 1% used [0x00000006c0000000,0x00000006c028c968,0x00000006cab00000)
 Metaspace       used 14796K, capacity 15072K, committed 15232K, reserved 1062912K
  class space    used 1702K, capacity 1810K, committed 1920K, reserved 1048576K
Event: 2.310 GC heap after
Heap after GC invocations=8 (full 0):
 PSYoungGen      total 528896K, used 467K [0x000000076ab00000, 0x000000078b400000, 0x00000007c0000000)
  eden space 524288K, 0% used [0x000000076ab00000,0x000000076ab00000,0x000000078ab00000)
  from space 4608K, 10% used [0x000000078af80000,0x000000078aff4da0,0x000000078b400000)
  to   space 4608K, 0% used [0x000000078ab00000,0x000000078ab00000,0x000000078af80000)
 ParOldGen       total 175104K, used 2806K [0x00000006c0000000, 0x00000006cab00000, 0x000000076ab00000)
  object space 175104K, 1% used [0x00000006c0000000,0x00000006c02bd978,0x00000006cab00000)
 Metaspace       used 14796K, capacity 15072K, committed 15232K, reserved 1062912K
  class space    used 1702K, capacity 1810K, committed 1920K, reserved 1048576K
}
Event: 5.208 GC heap before
{Heap before GC invocations=9 (full 0):
 PSYoungGen      total 528896K, used 524755K [0x000000076ab00000, 0x000000078b400000, 0x00000007c0000000)
  eden space 524288K, 100% used [0x000000076ab00000,0x000000078ab00000,0x000000078ab00000)
  from space 4608K, 10% used [0x000000078af80000,0x000000078aff4da0,0x000000078b400000)
  to   space 4608K, 0% used [0x000000078ab00000,0x000000078ab00000,0x000000078af80000)
 ParOldGen       total 175104K, used 2806K [0x00000006c0000000, 0x00000006cab00000, 0x000000076ab00000)
  object space 175104K, 1% used [0x00000006c0000000,0x00000006c02bd978,0x00000006cab00000)
 Metaspace       used 20006K, capacity 20362K, committed 20608K, reserved 1067008K
  class space    used 2289K, capacity 2409K, committed 2432K, reserved 1048576K
Event: 5.213 GC heap after
Heap after GC invocations=9 (full 0):
 PSYoungGen      total 505856K, used 4593K [0x000000076ab00000, 0x000000078b000000, 0x00000007c0000000)
  eden space 501248K, 0% used [0x000000076ab00000,0x000000076ab00000,0x0000000789480000)
  from space 4608K, 99% used [0x000000078ab00000,0x000000078af7c720,0x000000078af80000)
  to   space 512K, 0% used [0x000000078af80000,0x000000078af80000,0x000000078b000000)
 ParOldGen       total 175104K, used 3155K [0x00000006c0000000, 0x00000006cab00000, 0x000000076ab00000)
  object space 175104K, 1% used [0x00000006c0000000,0x00000006c0314d58,0x00000006cab00000)
 Metaspace       used 20006K, capacity 20362K, committed 20608K, reserved 1067008K
  class space    used 2289K, capacity 2409K, committed 2432K, reserved 1048576K
}
Event: 16.008 GC heap before
{Heap before GC invocations=10 (full 0):
 PSYoungGen      total 505856K, used 505841K [0x000000076ab00000, 0x000000078b000000, 0x00000007c0000000)
  eden space 501248K, 100% used [0x000000076ab00000,0x0000000789480000,0x0000000789480000)
  from space 4608K, 99% used [0x000000078ab00000,0x000000078af7c720,0x000000078af80000)
  to   space 512K, 0% used [0x000000078af80000,0x000000078af80000,0x000000078b000000)
 ParOldGen       total 175104K, used 3155K [0x00000006c0000000, 0x00000006cab00000, 0x000000076ab00000)
  object space 175104K, 1% used [0x00000006c0000000,0x00000006c0314d58,0x00000006cab00000)
 Metaspace       used 20572K, capacity 20908K, committed 21248K, reserved 1069056K
  class space    used 2338K, capacity 2442K, committed 2560K, reserved 1048576K
Event: 16.020 GC heap after
Heap after GC invocations=10 (full 0):
 PSYoungGen      total 479744K, used 512K [0x000000076ab00000, 0x000000078b000000, 0x00000007c0000000)
  eden space 479232K, 0% used [0x000000076ab00000,0x000000076ab00000,0x0000000787f00000)
  from space 512K, 100% used [0x000000078af80000,0x000000078b000000,0x000000078b000000)
  to   space 11264K, 0% used [0x0000000789a00000,0x0000000789a00000,0x000000078a500000)
 ParOldGen       total 175104K, used 21133K [0x00000006c0000000, 0x00000006cab00000, 0x000000076ab00000)
  object space 175104K, 12% used [0x00000006c0000000,0x00000006c14a36b0,0x00000006cab00000)
 Metaspace       used 20572K, capacity 20908K, committed 21248K, reserved 1069056K
  class space    used 2338K, capacity 2442K, committed 2560K, reserved 1048576K
}
Event: 81.436 GC heap before
{Heap before GC invocations=11 (full 0):
 PSYoungGen      total 479744K, used 75598K [0x000000076ab00000, 0x000000078b000000, 0x00000007c0000000)
  eden space 479232K, 15% used [0x000000076ab00000,0x000000076f453878,0x0000000787f00000)
  from space 512K, 100% used [0x000000078af80000,0x000000078b000000,0x000000078b000000)
  to   space 11264K, 0% used [0x0000000789a00000,0x0000000789a00000,0x000000078a500000)
 ParOldGen       total 175104K, used 21133K [0x00000006c0000000, 0x00000006cab00000, 0x000000076ab00000)
  object space 175104K, 12% used [0x00000006c0000000,0x00000006c14a36b0,0x00000006cab00000)
 Metaspace       used 20725K, capacity 21044K, committed 21248K, reserved 1069056K
  class space    used 2338K, capacity 2442K, committed 2560K, reserved 1048576K
Event: 81.588 GC heap after
Heap after GC invocations=11 (full 0):
 PSYoungGen      total 469504K, used 11264K [0x000000076ab00000, 0x000000078b000000, 0x00000007c0000000)
  eden space 458240K, 0% used [0x000000076ab00000,0x000000076ab00000,0x0000000786a80000)
  from space 11264K, 100% used [0x0000000789a00000,0x000000078a500000,0x000000078a500000)
  to   space 11264K, 0% used [0x000000078a500000,0x000000078a500000,0x000000078b000000)
 ParOldGen       total 175104K, used 55493K [0x00000006c0000000, 0x00000006cab00000, 0x000000076ab00000)
  object space 175104K, 31% used [0x00000006c0000000,0x00000006c36316c0,0x00000006cab00000)
 Metaspace       used 20725K, capacity 21044K, committed 21248K, reserved 1069056K
  class space    used 2338K, capacity 2442K, committed 2560K, reserved 1048576K
}
Event: 81.588 GC heap before
{Heap before GC invocations=12 (full 1):
 PSYoungGen      total 469504K, used 11264K [0x000000076ab00000, 0x000000078b000000, 0x00000007c0000000)
  eden space 458240K, 0% used [0x000000076ab00000,0x000000076ab00000,0x0000000786a80000)
  from space 11264K, 100% used [0x0000000789a00000,0x000000078a500000,0x000000078a500000)
  to   space 11264K, 0% used [0x000000078a500000,0x000000078a500000,0x000000078b000000)
 ParOldGen       total 175104K, used 55493K [0x00000006c0000000, 0x00000006cab00000, 0x000000076ab00000)
  object space 175104K, 31% used [0x00000006c0000000,0x00000006c36316c0,0x00000006cab00000)
 Metaspace       used 20725K, capacity 21044K, committed 21248K, reserved 1069056K
  class space    used 2338K, capacity 2442K, committed 2560K, reserved 1048576K
Event: 81.944 GC heap after
Heap after GC invocations=12 (full 1):
 PSYoungGen      total 469504K, used 0K [0x000000076ab00000, 0x000000078b000000, 0x00000007c0000000)
  eden space 458240K, 0% used [0x000000076ab00000,0x000000076ab00000,0x0000000786a80000)
  from space 11264K, 0% used [0x0000000789a00000,0x0000000789a00000,0x000000078a500000)
  to   space 11264K, 0% used [0x000000078a500000,0x000000078a500000,0x000000078b000000)
 ParOldGen       total 144896K, used 60282K [0x00000006c0000000, 0x00000006c8d80000, 0x000000076ab00000)
  object space 144896K, 41% used [0x00000006c0000000,0x00000006c3ade898,0x00000006c8d80000)
 Metaspace       used 20725K, capacity 21044K, committed 21248K, reserved 1069056K
  class space    used 2338K, capacity 2442K, committed 2560K, reserved 1048576K
}

